[2026-04-11 02:22:49.846] SYSTEM: Logger initialized.
[2026-04-11 02:22:49.846] SYSTEM: RWLock initialized.
[2026-04-11 02:22:49.846] SYSTEM: Thread pool of size 4 initialized.
[2026-04-11 02:22:49.846] SYSTEM: Submitted all tasks. Waiting for completion...
[2026-04-11 02:22:49.846] Task 2: Started
[2026-04-11 02:22:49.846] Task 1: Started
[2026-04-11 02:22:49.847] Task 1: Acquired READ lock. Reading fake filesystem data.
[2026-04-11 02:22:49.846] Task 2: Acquired READ lock. Reading fake filesystem data.
[2026-04-11 02:22:49.847] Task 4: Started
[2026-04-11 02:22:49.847] Task 4: Acquired READ lock. Reading fake filesystem data.
[2026-04-11 02:22:49.846] Task 3: Started
[2026-04-11 02:22:49.847] Task 3: Acquired READ lock. Reading fake filesystem data.
[2026-04-11 02:22:49.947] Task 2: Released READ lock.
[2026-04-11 02:22:49.947] Task 2: Completed
[2026-04-11 02:22:49.947] Task 5: Started
[2026-04-11 02:22:49.947] Task 3: Released READ lock.
[2026-04-11 02:22:49.947] Task 5: Acquired READ lock. Reading fake filesystem data.
[2026-04-11 02:22:49.947] Task 4: Released READ lock.
[2026-04-11 02:22:49.947] Task 4: Completed
[2026-04-11 02:22:49.947] Task 6: Started
[2026-04-11 02:22:49.947] Task 1: Released READ lock.
[2026-04-11 02:22:49.947] Task 6: Acquired READ lock. Reading fake filesystem data.
[2026-04-11 02:22:49.947] Task 1: Completed
[2026-04-11 02:22:49.947] Task 7: Started
[2026-04-11 02:22:49.947] Task 7: Acquired READ lock. Reading fake filesystem data.
[2026-04-11 02:22:50.047] Task 5: Released READ lock.
[2026-04-11 02:22:50.047] Task 5: Completed
[2026-04-11 02:22:50.047] Task 7: Released READ lock.
[2026-04-11 02:22:50.048] Task 7: Completed
[2026-04-11 02:22:50.048] Task 9: Started
[2026-04-11 02:22:50.047] Task 8: Started
[2026-04-11 02:22:50.047] Task 6: Released READ lock.
[2026-04-11 02:22:50.048] Task 3: Acquired WRITE lock. Modifying fake filesystem data.
[2026-04-11 02:22:50.248] Task 3: Released WRITE lock.
[2026-04-11 02:22:50.248] Task 9: Acquired READ lock. Reading fake filesystem data.
[2026-04-11 02:22:50.248] Task 3: Completed
[2026-04-11 02:22:50.248] Task 8: Acquired READ lock. Reading fake filesystem data.
[2026-04-11 02:22:50.248] Task 10: Started
[2026-04-11 02:22:50.248] Task 10: Acquired READ lock. Reading fake filesystem data.
[2026-04-11 02:22:50.349] Task 8: Released READ lock.
[2026-04-11 02:22:50.349] Task 9: Released READ lock.
[2026-04-11 02:22:50.349] Task 8: Completed
[2026-04-11 02:22:50.351] Task 10: Released READ lock.
[2026-04-11 02:22:50.351] Task 6: Acquired WRITE lock. Modifying fake filesystem data.
[2026-04-11 02:22:50.351] Task 10: Completed
[2026-04-11 02:22:50.551] Task 6: Released WRITE lock.
[2026-04-11 02:22:50.551] Task 6: Completed
[2026-04-11 02:22:50.551] Task 9: Acquired WRITE lock. Modifying fake filesystem data.
[2026-04-11 02:22:50.752] Task 9: Released WRITE lock.
[2026-04-11 02:22:50.752] Task 9: Completed
[2026-04-11 02:22:50.752] SYSTEM: Thread pool shutdown cleanly.
[2026-04-11 02:22:50.752] SYSTEM: RWLock destroyed.
[2026-04-11 02:22:50.752] SYSTEM: Process exiting cleanly.
